e:\users\krzysztof\visualstudio\projekt-semestr-1\projekt-semestr-1\x64\debug\vc143.pdb
e:\users\krzysztof\visualstudio\projekt-semestr-1\projekt-semestr-1\x64\debug\vc143.idb
e:\users\krzysztof\visualstudio\projekt-semestr-1\projekt-semestr-1\x64\debug\tictactoe.obj
e:\users\krzysztof\visualstudio\projekt-semestr-1\projekt-semestr-1\x64\debug\projekt-semestr-1.obj
e:\users\krzysztof\visualstudio\projekt-semestr-1\projekt-semestr-1\x64\debug\numberguess.obj
e:\users\krzysztof\visualstudio\projekt-semestr-1\projekt-semestr-1\x64\debug\blackjack.obj
e:\users\krzysztof\visualstudio\projekt-semestr-1\x64\debug\projekt-semestr-1.pdb
e:\users\krzysztof\visualstudio\projekt-semestr-1\projekt-semestr-1\x64\debug\projekt-.b3d51355.tlog\cl.command.1.tlog
e:\users\krzysztof\visualstudio\projekt-semestr-1\projekt-semestr-1\x64\debug\projekt-.b3d51355.tlog\cl.read.1.tlog
e:\users\krzysztof\visualstudio\projekt-semestr-1\projekt-semestr-1\x64\debug\projekt-.b3d51355.tlog\cl.write.1.tlog
e:\users\krzysztof\visualstudio\projekt-semestr-1\projekt-semestr-1\x64\debug\projekt-.b3d51355.tlog\link-cvtres.read.1.tlog
e:\users\krzysztof\visualstudio\projekt-semestr-1\projekt-semestr-1\x64\debug\projekt-.b3d51355.tlog\link-cvtres.write.1.tlog
e:\users\krzysztof\visualstudio\projekt-semestr-1\projekt-semestr-1\x64\debug\projekt-.b3d51355.tlog\link-rc.read.1.tlog
e:\users\krzysztof\visualstudio\projekt-semestr-1\projekt-semestr-1\x64\debug\projekt-.b3d51355.tlog\link-rc.write.1.tlog
e:\users\krzysztof\visualstudio\projekt-semestr-1\projekt-semestr-1\x64\debug\projekt-.b3d51355.tlog\link.8424-cvtres.read.1.tlog
e:\users\krzysztof\visualstudio\projekt-semestr-1\projekt-semestr-1\x64\debug\projekt-.b3d51355.tlog\link.8424-cvtres.write.1.tlog
e:\users\krzysztof\visualstudio\projekt-semestr-1\projekt-semestr-1\x64\debug\projekt-.b3d51355.tlog\link.8424-rc.read.1.tlog
e:\users\krzysztof\visualstudio\projekt-semestr-1\projekt-semestr-1\x64\debug\projekt-.b3d51355.tlog\link.8424-rc.write.1.tlog
e:\users\krzysztof\visualstudio\projekt-semestr-1\projekt-semestr-1\x64\debug\projekt-.b3d51355.tlog\link.8424.read.1.tlog
e:\users\krzysztof\visualstudio\projekt-semestr-1\projekt-semestr-1\x64\debug\projekt-.b3d51355.tlog\link.8424.read.2.tlog
e:\users\krzysztof\visualstudio\projekt-semestr-1\projekt-semestr-1\x64\debug\projekt-.b3d51355.tlog\link.8424.write.1.tlog
e:\users\krzysztof\visualstudio\projekt-semestr-1\projekt-semestr-1\x64\debug\projekt-.b3d51355.tlog\link.command.1.tlog
e:\users\krzysztof\visualstudio\projekt-semestr-1\projekt-semestr-1\x64\debug\projekt-.b3d51355.tlog\link.read.1.tlog
e:\users\krzysztof\visualstudio\projekt-semestr-1\projekt-semestr-1\x64\debug\projekt-.b3d51355.tlog\link.read.2.tlog
e:\users\krzysztof\visualstudio\projekt-semestr-1\projekt-semestr-1\x64\debug\projekt-.b3d51355.tlog\link.write.1.tlog
